# JRE version: OpenJDK Runtime Environment (8.0_212-b04) (build 1.8.0_212-release-1586-b04)
# Java VM: OpenJDK 64-Bit Server VM (25.212-b04 mixed mode windows-amd64 compressed oops)
Heap:
 PSYoungGen      total 224256K, used 107101K [0x00000000e0000000, 0x00000000f1a00000, 0x0000000100000000)
  eden space 203776K, 44% used [0x00000000e0000000,0x00000000e58d6708,0x00000000ec700000)
  from space 20480K, 78% used [0x00000000ec700000,0x00000000ed6c0f18,0x00000000edb00000)
  to   space 21504K, 0% used [0x00000000f0500000,0x00000000f0500000,0x00000000f1a00000)
 ParOldGen       total 205824K, used 31843K [0x00000000a0000000, 0x00000000ac900000, 0x00000000e0000000)
  object space 205824K, 15% used [0x00000000a0000000,0x00000000a1f18d28,0x00000000ac900000)
 Metaspace       used 70967K, capacity 73768K, committed 73984K, reserved 1114112K
  class space    used 9653K, capacity 10191K, committed 10240K, reserved 1048576K
GC Heap History (10 events):
Event: 10.676 GC heap before
{Heap before GC invocations=10 (full 2):
 PSYoungGen      total 123904K, used 110592K [0x00000000e0000000, 0x00000000ed500000, 0x0000000100000000)
  eden space 110592K, 100% used [0x00000000e0000000,0x00000000e6c00000,0x00000000e6c00000)
  from space 13312K, 0% used [0x00000000e6c00000,0x00000000e6c00000,0x00000000e7900000)
  to   space 13312K, 0% used [0x00000000ec800000,0x00000000ec800000,0x00000000ed500000)
 ParOldGen       total 139776K, used 15179K [0x00000000a0000000, 0x00000000a8880000, 0x00000000e0000000)
  object space 139776K, 10% used [0x00000000a0000000,0x00000000a0ed2f40,0x00000000a8880000)
 Metaspace       used 39427K, capacity 40538K, committed 40704K, reserved 1085440K
  class space    used 5284K, capacity 5560K, committed 5632K, reserved 1048576K
Event: 10.686 GC heap after
Heap after GC invocations=10 (full 2):
 PSYoungGen      total 172544K, used 9915K [0x00000000e0000000, 0x00000000ed200000, 0x0000000100000000)
  eden space 162304K, 0% used [0x00000000e0000000,0x00000000e0000000,0x00000000e9e80000)
  from space 10240K, 96% used [0x00000000ec800000,0x00000000ed1aec80,0x00000000ed200000)
  to   space 13312K, 0% used [0x00000000eb800000,0x00000000eb800000,0x00000000ec500000)
 ParOldGen       total 139776K, used 15187K [0x00000000a0000000, 0x00000000a8880000, 0x00000000e0000000)
  object space 139776K, 10% used [0x00000000a0000000,0x00000000a0ed4f40,0x00000000a8880000)
 Metaspace       used 39427K, capacity 40538K, committed 40704K, reserved 1085440K
  class space    used 5284K, capacity 5560K, committed 5632K, reserved 1048576K
}
Event: 13.686 GC heap before
{Heap before GC invocations=11 (full 2):
 PSYoungGen      total 172544K, used 172219K [0x00000000e0000000, 0x00000000ed200000, 0x0000000100000000)
  eden space 162304K, 100% used [0x00000000e0000000,0x00000000e9e80000,0x00000000e9e80000)
  from space 10240K, 96% used [0x00000000ec800000,0x00000000ed1aec80,0x00000000ed200000)
  to   space 13312K, 0% used [0x00000000eb800000,0x00000000eb800000,0x00000000ec500000)
 ParOldGen       total 139776K, used 15187K [0x00000000a0000000, 0x00000000a8880000, 0x00000000e0000000)
  object space 139776K, 10% used [0x00000000a0000000,0x00000000a0ed4f40,0x00000000a8880000)
 Metaspace       used 55302K, capacity 57094K, committed 57216K, reserved 1099776K
  class space    used 7355K, capacity 7795K, committed 7808K, reserved 1048576K
Event: 13.719 GC heap after
Heap after GC invocations=11 (full 2):
 PSYoungGen      total 201728K, used 13284K [0x00000000e0000000, 0x00000000eee00000, 0x0000000100000000)
  eden space 188416K, 0% used [0x00000000e0000000,0x00000000e0000000,0x00000000eb800000)
  from space 13312K, 99% used [0x00000000eb800000,0x00000000ec4f9310,0x00000000ec500000)
  to   space 19456K, 0% used [0x00000000edb00000,0x00000000edb00000,0x00000000eee00000)
 ParOldGen       total 139776K, used 27827K [0x00000000a0000000, 0x00000000a8880000, 0x00000000e0000000)
  object space 139776K, 19% used [0x00000000a0000000,0x00000000a1b2cc88,0x00000000a8880000)
 Metaspace       used 55302K, capacity 57094K, committed 57216K, reserved 1099776K
  class space    used 7355K, capacity 7795K, committed 7808K, reserved 1048576K
}
Event: 14.159 GC heap before
{Heap before GC invocations=12 (full 2):
 PSYoungGen      total 201728K, used 41072K [0x00000000e0000000, 0x00000000eee00000, 0x0000000100000000)
  eden space 188416K, 14% used [0x00000000e0000000,0x00000000e1b22ef0,0x00000000eb800000)
  from space 13312K, 99% used [0x00000000eb800000,0x00000000ec4f9310,0x00000000ec500000)
  to   space 19456K, 0% used [0x00000000edb00000,0x00000000edb00000,0x00000000eee00000)
 ParOldGen       total 139776K, used 27827K [0x00000000a0000000, 0x00000000a8880000, 0x00000000e0000000)
  object space 139776K, 19% used [0x00000000a0000000,0x00000000a1b2cc88,0x00000000a8880000)
 Metaspace       used 57241K, capacity 59070K, committed 59160K, reserved 1099776K
  class space    used 7662K, capacity 8105K, committed 8192K, reserved 1048576K
Event: 14.177 GC heap after
Heap after GC invocations=12 (full 2):
 PSYoungGen      total 223232K, used 16274K [0x00000000e0000000, 0x00000000f1700000, 0x0000000100000000)
  eden space 203776K, 0% used [0x00000000e0000000,0x00000000e0000000,0x00000000ec700000)
  from space 19456K, 83% used [0x00000000edb00000,0x00000000eeae4b68,0x00000000eee00000)
  to   space 20480K, 0% used [0x00000000ec700000,0x00000000ec700000,0x00000000edb00000)
 ParOldGen       total 139776K, used 27835K [0x00000000a0000000, 0x00000000a8880000, 0x00000000e0000000)
  object space 139776K, 19% used [0x00000000a0000000,0x00000000a1b2ec88,0x00000000a8880000)
 Metaspace       used 57241K, capacity 59070K, committed 59160K, reserved 1099776K
  class space    used 7662K, capacity 8105K, committed 8192K, reserved 1048576K
}
Event: 14.177 GC heap before
{Heap before GC invocations=13 (full 3):
 PSYoungGen      total 223232K, used 16274K [0x00000000e0000000, 0x00000000f1700000, 0x0000000100000000)
  eden space 203776K, 0% used [0x00000000e0000000,0x00000000e0000000,0x00000000ec700000)
  from space 19456K, 83% used [0x00000000edb00000,0x00000000eeae4b68,0x00000000eee00000)
  to   space 20480K, 0% used [0x00000000ec700000,0x00000000ec700000,0x00000000edb00000)
 ParOldGen       total 139776K, used 27835K [0x00000000a0000000, 0x00000000a8880000, 0x00000000e0000000)
  object space 139776K, 19% used [0x00000000a0000000,0x00000000a1b2ec88,0x00000000a8880000)
 Metaspace       used 57241K, capacity 59070K, committed 59160K, reserved 1099776K
  class space    used 7662K, capacity 8105K, committed 8192K, reserved 1048576K
Event: 14.528 GC heap after
Heap after GC invocations=13 (full 3):
 PSYoungGen      total 223232K, used 0K [0x00000000e0000000, 0x00000000f1700000, 0x0000000100000000)
  eden space 203776K, 0% used [0x00000000e0000000,0x00000000e0000000,0x00000000ec700000)
  from space 19456K, 0% used [0x00000000edb00000,0x00000000edb00000,0x00000000eee00000)
  to   space 20480K, 0% used [0x00000000ec700000,0x00000000ec700000,0x00000000edb00000)
 ParOldGen       total 205824K, used 31835K [0x00000000a0000000, 0x00000000ac900000, 0x00000000e0000000)
  object space 205824K, 15% used [0x00000000a0000000,0x00000000a1f16d28,0x00000000ac900000)
 Metaspace       used 57221K, capacity 59004K, committed 59160K, reserved 1099776K
  class space    used 7656K, capacity 8094K, committed 8192K, reserved 1048576K
}
Event: 17.573 GC heap before
{Heap before GC invocations=14 (full 3):
 PSYoungGen      total 223232K, used 203776K [0x00000000e0000000, 0x00000000f1700000, 0x0000000100000000)
  eden space 203776K, 100% used [0x00000000e0000000,0x00000000ec700000,0x00000000ec700000)
  from space 19456K, 0% used [0x00000000edb00000,0x00000000edb00000,0x00000000eee00000)
  to   space 20480K, 0% used [0x00000000ec700000,0x00000000ec700000,0x00000000edb00000)
 ParOldGen       total 205824K, used 31835K [0x00000000a0000000, 0x00000000ac900000, 0x00000000e0000000)
  object space 205824K, 15% used [0x00000000a0000000,0x00000000a1f16d28,0x00000000ac900000)
 Metaspace       used 65377K, capacity 68164K, committed 68352K, reserved 1107968K
  class space    used 8884K, capacity 9469K, committed 9472K, reserved 1048576K
Event: 17.589 GC heap after
Heap after GC invocations=14 (full 3):
 PSYoungGen      total 224256K, used 16131K [0x00000000e0000000, 0x00000000f1a00000, 0x0000000100000000)
  eden space 203776K, 0% used [0x00000000e0000000,0x00000000e0000000,0x00000000ec700000)
  from space 20480K, 78% used [0x00000000ec700000,0x00000000ed6c0f18,0x00000000edb00000)
  to   space 21504K, 0% used [0x00000000f0500000,0x00000000f0500000,0x00000000f1a00000)
 ParOldGen       total 205824K, used 31843K [0x00000000a0000000, 0x00000000ac900000, 0x00000000e0000000)
  object space 205824K, 15% used [0x00000000a0000000,0x00000000a1f18d28,0x00000000ac900000)
 Metaspace       used 65377K, capacity 68164K, committed 68352K, reserved 1107968K
  class space    used 8884K, capacity 9469K, committed 9472K, reserved 1048576K
}

